<?xml version="1.0" encoding="UTF-8"?>
<robot generator="Robot 6.1.1 (Python 3.10.12 on linux)" generated="20231119 15:50:43.010" rpa="false" schemaversion="4">
<suite id="s1" name="Tests" source="/home/vesku/Kurssit/ohtu/laskarit/palautusrepositorio/viikko3/web-login/src/tests">
<suite id="s1-s1" name="Home" source="/home/vesku/Kurssit/ohtu/laskarit/palautusrepositorio/viikko3/web-login/src/tests/home.robot">
<kw name="Open And Configure Browser" library="resource" type="SETUP">
<kw name="Evaluate" library="BuiltIn">
<var>${options}</var>
<arg>sys.modules['selenium.webdriver'].ChromeOptions()</arg>
<arg>sys</arg>
<doc>Evaluates the given expression in Python and returns the result.</doc>
<msg timestamp="20231119 15:50:43.113" level="INFO">${options} = &lt;selenium.webdriver.chrome.options.Options object at 0x7f01f17a4850&gt;</msg>
<status status="PASS" starttime="20231119 15:50:43.113" endtime="20231119 15:50:43.113"/>
</kw>
<kw name="Call Method" library="BuiltIn">
<arg>${options}</arg>
<arg>add_argument</arg>
<arg>--headless</arg>
<doc>Calls the named method of the given object with the provided arguments.</doc>
<status status="PASS" starttime="20231119 15:50:43.113" endtime="20231119 15:50:43.113"/>
</kw>
<kw name="Open Browser" library="SeleniumLibrary">
<arg>browser=chrome</arg>
<arg>options=${options}</arg>
<doc>Opens a new browser instance to the optional ``url``.</doc>
<msg timestamp="20231119 15:50:43.114" level="INFO">Opening browser 'chrome' to base url 'None'.</msg>
<status status="PASS" starttime="20231119 15:50:43.113" endtime="20231119 15:50:43.768"/>
</kw>
<kw name="Set Selenium Speed" library="SeleniumLibrary">
<arg>${DELAY}</arg>
<doc>Sets the delay that is waited after each Selenium command.</doc>
<status status="PASS" starttime="20231119 15:50:43.768" endtime="20231119 15:50:43.768"/>
</kw>
<status status="PASS" starttime="20231119 15:50:43.112" endtime="20231119 15:50:43.768"/>
</kw>
<test id="s1-s1-t1" name="Click Login Link" line="8">
<kw name="Go To Starting Page" library="resource" type="SETUP">
<kw name="Go To" library="SeleniumLibrary">
<arg>${HOME_URL}</arg>
<doc>Navigates the current browser window to the provided ``url``.</doc>
<msg timestamp="20231119 15:50:43.769" level="INFO">Opening url 'http://localhost:5001'</msg>
<status status="PASS" starttime="20231119 15:50:43.769" endtime="20231119 15:50:43.807"/>
</kw>
<status status="PASS" starttime="20231119 15:50:43.769" endtime="20231119 15:50:43.807"/>
</kw>
<kw name="Click Link" library="SeleniumLibrary">
<arg>Login</arg>
<doc>Clicks a link identified by ``locator``.</doc>
<msg timestamp="20231119 15:50:43.808" level="INFO">Clicking link 'Login'.</msg>
<status status="PASS" starttime="20231119 15:50:43.807" endtime="20231119 15:50:43.844"/>
</kw>
<kw name="Login Page Should Be Open" library="resource">
<kw name="Title Should Be" library="SeleniumLibrary">
<arg>Login</arg>
<doc>Verifies that the current page title equals ``title``.</doc>
<msg timestamp="20231119 15:50:43.848" level="INFO">Page title is 'Login'.</msg>
<status status="PASS" starttime="20231119 15:50:43.845" endtime="20231119 15:50:43.848"/>
</kw>
<status status="PASS" starttime="20231119 15:50:43.845" endtime="20231119 15:50:43.848"/>
</kw>
<status status="PASS" starttime="20231119 15:50:43.769" endtime="20231119 15:50:43.848"/>
</test>
<test id="s1-s1-t2" name="Click Register Link" line="12">
<kw name="Go To Starting Page" library="resource" type="SETUP">
<kw name="Go To" library="SeleniumLibrary">
<arg>${HOME_URL}</arg>
<doc>Navigates the current browser window to the provided ``url``.</doc>
<msg timestamp="20231119 15:50:43.849" level="INFO">Opening url 'http://localhost:5001'</msg>
<status status="PASS" starttime="20231119 15:50:43.849" endtime="20231119 15:50:43.855"/>
</kw>
<status status="PASS" starttime="20231119 15:50:43.848" endtime="20231119 15:50:43.855"/>
</kw>
<kw name="Click Link" library="SeleniumLibrary">
<arg>Register new user</arg>
<doc>Clicks a link identified by ``locator``.</doc>
<msg timestamp="20231119 15:50:43.856" level="INFO">Clicking link 'Register new user'.</msg>
<status status="PASS" starttime="20231119 15:50:43.856" endtime="20231119 15:50:43.887"/>
</kw>
<kw name="Register Page Should Be Open" library="resource">
<kw name="Title Should Be" library="SeleniumLibrary">
<arg>Register</arg>
<doc>Verifies that the current page title equals ``title``.</doc>
<msg timestamp="20231119 15:50:43.889" level="INFO">Page title is 'Register'.</msg>
<status status="PASS" starttime="20231119 15:50:43.887" endtime="20231119 15:50:43.889"/>
</kw>
<status status="PASS" starttime="20231119 15:50:43.887" endtime="20231119 15:50:43.889"/>
</kw>
<status status="PASS" starttime="20231119 15:50:43.848" endtime="20231119 15:50:43.889"/>
</test>
<kw name="Close Browser" library="SeleniumLibrary" type="TEARDOWN">
<doc>Closes the current browser.</doc>
<status status="PASS" starttime="20231119 15:50:43.890" endtime="20231119 15:50:43.943"/>
</kw>
<status status="PASS" starttime="20231119 15:50:43.021" endtime="20231119 15:50:43.944"/>
</suite>
<suite id="s1-s2" name="Login" source="/home/vesku/Kurssit/ohtu/laskarit/palautusrepositorio/viikko3/web-login/src/tests/login.robot">
<kw name="Open And Configure Browser" library="resource" type="SETUP">
<kw name="Evaluate" library="BuiltIn">
<var>${options}</var>
<arg>sys.modules['selenium.webdriver'].ChromeOptions()</arg>
<arg>sys</arg>
<doc>Evaluates the given expression in Python and returns the result.</doc>
<msg timestamp="20231119 15:50:43.947" level="INFO">${options} = &lt;selenium.webdriver.chrome.options.Options object at 0x7f01f17a43a0&gt;</msg>
<status status="PASS" starttime="20231119 15:50:43.946" endtime="20231119 15:50:43.947"/>
</kw>
<kw name="Call Method" library="BuiltIn">
<arg>${options}</arg>
<arg>add_argument</arg>
<arg>--headless</arg>
<doc>Calls the named method of the given object with the provided arguments.</doc>
<status status="PASS" starttime="20231119 15:50:43.947" endtime="20231119 15:50:43.947"/>
</kw>
<kw name="Open Browser" library="SeleniumLibrary">
<arg>browser=chrome</arg>
<arg>options=${options}</arg>
<doc>Opens a new browser instance to the optional ``url``.</doc>
<msg timestamp="20231119 15:50:43.947" level="INFO">Opening browser 'chrome' to base url 'None'.</msg>
<status status="PASS" starttime="20231119 15:50:43.947" endtime="20231119 15:50:44.593"/>
</kw>
<kw name="Set Selenium Speed" library="SeleniumLibrary">
<arg>${DELAY}</arg>
<doc>Sets the delay that is waited after each Selenium command.</doc>
<status status="PASS" starttime="20231119 15:50:44.593" endtime="20231119 15:50:44.594"/>
</kw>
<status status="PASS" starttime="20231119 15:50:43.946" endtime="20231119 15:50:44.594"/>
</kw>
<test id="s1-s2-t1" name="Login With Correct Credentials" line="8">
<kw name="Create User And Go To Login Page" type="SETUP">
<kw name="Create User" library="AppLibrary">
<arg>kalle</arg>
<arg>kalle123</arg>
<status status="PASS" starttime="20231119 15:50:44.594" endtime="20231119 15:50:44.599"/>
</kw>
<kw name="Go To Login Page" library="resource">
<kw name="Go To" library="SeleniumLibrary">
<arg>${LOGIN_URL}</arg>
<doc>Navigates the current browser window to the provided ``url``.</doc>
<msg timestamp="20231119 15:50:44.600" level="INFO">Opening url 'http://localhost:5001/login'</msg>
<status status="PASS" starttime="20231119 15:50:44.599" endtime="20231119 15:50:44.632"/>
</kw>
<status status="PASS" starttime="20231119 15:50:44.599" endtime="20231119 15:50:44.632"/>
</kw>
<kw name="Login Page Should Be Open" library="resource">
<kw name="Title Should Be" library="SeleniumLibrary">
<arg>Login</arg>
<doc>Verifies that the current page title equals ``title``.</doc>
<msg timestamp="20231119 15:50:44.636" level="INFO">Page title is 'Login'.</msg>
<status status="PASS" starttime="20231119 15:50:44.633" endtime="20231119 15:50:44.636"/>
</kw>
<status status="PASS" starttime="20231119 15:50:44.633" endtime="20231119 15:50:44.636"/>
</kw>
<status status="PASS" starttime="20231119 15:50:44.594" endtime="20231119 15:50:44.636"/>
</kw>
<kw name="Set Username">
<arg>kalle</arg>
<kw name="Input Text" library="SeleniumLibrary">
<arg>username</arg>
<arg>${username}</arg>
<doc>Types the given ``text`` into the text field identified by ``locator``.</doc>
<msg timestamp="20231119 15:50:44.637" level="INFO">Typing text 'kalle' into text field 'username'.</msg>
<status status="PASS" starttime="20231119 15:50:44.636" endtime="20231119 15:50:44.690"/>
</kw>
<status status="PASS" starttime="20231119 15:50:44.636" endtime="20231119 15:50:44.690"/>
</kw>
<kw name="Set Password">
<arg>kalle123</arg>
<kw name="Input Password" library="SeleniumLibrary">
<arg>password</arg>
<arg>${password}</arg>
<doc>Types the given password into the text field identified by ``locator``.</doc>
<msg timestamp="20231119 15:50:44.691" level="INFO">Typing password into text field 'password'.</msg>
<msg timestamp="20231119 15:50:44.709" level="INFO">Temporally setting log level to: NONE</msg>
<msg timestamp="20231119 15:50:44.729" level="INFO">Log level changed from NONE to INFO.</msg>
<status status="PASS" starttime="20231119 15:50:44.691" endtime="20231119 15:50:44.730"/>
</kw>
<status status="PASS" starttime="20231119 15:50:44.691" endtime="20231119 15:50:44.730"/>
</kw>
<kw name="Submit Credentials">
<kw name="Click Button" library="SeleniumLibrary">
<arg>Login</arg>
<doc>Clicks the button identified by ``locator``.</doc>
<msg timestamp="20231119 15:50:44.730" level="INFO">Clicking button 'Login'.</msg>
<status status="PASS" starttime="20231119 15:50:44.730" endtime="20231119 15:50:44.769"/>
</kw>
<status status="PASS" starttime="20231119 15:50:44.730" endtime="20231119 15:50:44.769"/>
</kw>
<kw name="Login Should Succeed">
<kw name="Main Page Should Be Open" library="resource">
<kw name="Title Should Be" library="SeleniumLibrary">
<arg>Ohtu Application main page</arg>
<doc>Verifies that the current page title equals ``title``.</doc>
<msg timestamp="20231119 15:50:44.772" level="INFO">Page title is 'Ohtu Application main page'.</msg>
<status status="PASS" starttime="20231119 15:50:44.770" endtime="20231119 15:50:44.772"/>
</kw>
<status status="PASS" starttime="20231119 15:50:44.770" endtime="20231119 15:50:44.772"/>
</kw>
<status status="PASS" starttime="20231119 15:50:44.770" endtime="20231119 15:50:44.772"/>
</kw>
<status status="PASS" starttime="20231119 15:50:44.594" endtime="20231119 15:50:44.772"/>
</test>
<test id="s1-s2-t2" name="Login With Incorrect Password" line="14">
<kw name="Create User And Go To Login Page" type="SETUP">
<kw name="Create User" library="AppLibrary">
<arg>kalle</arg>
<arg>kalle123</arg>
<status status="PASS" starttime="20231119 15:50:44.773" endtime="20231119 15:50:44.778"/>
</kw>
<kw name="Go To Login Page" library="resource">
<kw name="Go To" library="SeleniumLibrary">
<arg>${LOGIN_URL}</arg>
<doc>Navigates the current browser window to the provided ``url``.</doc>
<msg timestamp="20231119 15:50:44.779" level="INFO">Opening url 'http://localhost:5001/login'</msg>
<status status="PASS" starttime="20231119 15:50:44.779" endtime="20231119 15:50:44.786"/>
</kw>
<status status="PASS" starttime="20231119 15:50:44.779" endtime="20231119 15:50:44.786"/>
</kw>
<kw name="Login Page Should Be Open" library="resource">
<kw name="Title Should Be" library="SeleniumLibrary">
<arg>Login</arg>
<doc>Verifies that the current page title equals ``title``.</doc>
<msg timestamp="20231119 15:50:44.788" level="INFO">Page title is 'Login'.</msg>
<status status="PASS" starttime="20231119 15:50:44.786" endtime="20231119 15:50:44.788"/>
</kw>
<status status="PASS" starttime="20231119 15:50:44.786" endtime="20231119 15:50:44.788"/>
</kw>
<status status="PASS" starttime="20231119 15:50:44.773" endtime="20231119 15:50:44.788"/>
</kw>
<kw name="Set Username">
<arg>kalle</arg>
<kw name="Input Text" library="SeleniumLibrary">
<arg>username</arg>
<arg>${username}</arg>
<doc>Types the given ``text`` into the text field identified by ``locator``.</doc>
<msg timestamp="20231119 15:50:44.789" level="INFO">Typing text 'kalle' into text field 'username'.</msg>
<status status="PASS" starttime="20231119 15:50:44.789" endtime="20231119 15:50:44.825"/>
</kw>
<status status="PASS" starttime="20231119 15:50:44.788" endtime="20231119 15:50:44.825"/>
</kw>
<kw name="Set Password">
<arg>kalle456</arg>
<kw name="Input Password" library="SeleniumLibrary">
<arg>password</arg>
<arg>${password}</arg>
<doc>Types the given password into the text field identified by ``locator``.</doc>
<msg timestamp="20231119 15:50:44.826" level="INFO">Typing password into text field 'password'.</msg>
<msg timestamp="20231119 15:50:44.841" level="INFO">Temporally setting log level to: NONE</msg>
<msg timestamp="20231119 15:50:44.861" level="INFO">Log level changed from NONE to INFO.</msg>
<status status="PASS" starttime="20231119 15:50:44.825" endtime="20231119 15:50:44.861"/>
</kw>
<status status="PASS" starttime="20231119 15:50:44.825" endtime="20231119 15:50:44.861"/>
</kw>
<kw name="Submit Credentials">
<kw name="Click Button" library="SeleniumLibrary">
<arg>Login</arg>
<doc>Clicks the button identified by ``locator``.</doc>
<msg timestamp="20231119 15:50:44.861" level="INFO">Clicking button 'Login'.</msg>
<status status="PASS" starttime="20231119 15:50:44.861" endtime="20231119 15:50:44.893"/>
</kw>
<status status="PASS" starttime="20231119 15:50:44.861" endtime="20231119 15:50:44.893"/>
</kw>
<kw name="Login Should Fail With Message">
<arg>Invalid username or password</arg>
<kw name="Login Page Should Be Open" library="resource">
<kw name="Title Should Be" library="SeleniumLibrary">
<arg>Login</arg>
<doc>Verifies that the current page title equals ``title``.</doc>
<msg timestamp="20231119 15:50:44.895" level="INFO">Page title is 'Login'.</msg>
<status status="PASS" starttime="20231119 15:50:44.893" endtime="20231119 15:50:44.895"/>
</kw>
<status status="PASS" starttime="20231119 15:50:44.893" endtime="20231119 15:50:44.895"/>
</kw>
<kw name="Page Should Contain" library="SeleniumLibrary">
<arg>${message}</arg>
<doc>Verifies that current page contains ``text``.</doc>
<msg timestamp="20231119 15:50:44.904" level="INFO">Current page contains text 'Invalid username or password'.</msg>
<status status="PASS" starttime="20231119 15:50:44.896" endtime="20231119 15:50:44.904"/>
</kw>
<status status="PASS" starttime="20231119 15:50:44.893" endtime="20231119 15:50:44.904"/>
</kw>
<status status="PASS" starttime="20231119 15:50:44.772" endtime="20231119 15:50:44.904"/>
</test>
<test id="s1-s2-t3" name="Login With Nonexistent Username" line="20">
<kw name="Create User And Go To Login Page" type="SETUP">
<kw name="Create User" library="AppLibrary">
<arg>kalle</arg>
<arg>kalle123</arg>
<status status="PASS" starttime="20231119 15:50:44.905" endtime="20231119 15:50:44.910"/>
</kw>
<kw name="Go To Login Page" library="resource">
<kw name="Go To" library="SeleniumLibrary">
<arg>${LOGIN_URL}</arg>
<doc>Navigates the current browser window to the provided ``url``.</doc>
<msg timestamp="20231119 15:50:44.910" level="INFO">Opening url 'http://localhost:5001/login'</msg>
<status status="PASS" starttime="20231119 15:50:44.910" endtime="20231119 15:50:44.917"/>
</kw>
<status status="PASS" starttime="20231119 15:50:44.910" endtime="20231119 15:50:44.917"/>
</kw>
<kw name="Login Page Should Be Open" library="resource">
<kw name="Title Should Be" library="SeleniumLibrary">
<arg>Login</arg>
<doc>Verifies that the current page title equals ``title``.</doc>
<msg timestamp="20231119 15:50:44.920" level="INFO">Page title is 'Login'.</msg>
<status status="PASS" starttime="20231119 15:50:44.917" endtime="20231119 15:50:44.920"/>
</kw>
<status status="PASS" starttime="20231119 15:50:44.917" endtime="20231119 15:50:44.920"/>
</kw>
<status status="PASS" starttime="20231119 15:50:44.904" endtime="20231119 15:50:44.920"/>
</kw>
<kw name="Set Username">
<arg>apina</arg>
<kw name="Input Text" library="SeleniumLibrary">
<arg>username</arg>
<arg>${username}</arg>
<doc>Types the given ``text`` into the text field identified by ``locator``.</doc>
<msg timestamp="20231119 15:50:44.920" level="INFO">Typing text 'apina' into text field 'username'.</msg>
<status status="PASS" starttime="20231119 15:50:44.920" endtime="20231119 15:50:44.954"/>
</kw>
<status status="PASS" starttime="20231119 15:50:44.920" endtime="20231119 15:50:44.954"/>
</kw>
<kw name="Set Password">
<arg>kalle123</arg>
<kw name="Input Password" library="SeleniumLibrary">
<arg>password</arg>
<arg>${password}</arg>
<doc>Types the given password into the text field identified by ``locator``.</doc>
<msg timestamp="20231119 15:50:44.955" level="INFO">Typing password into text field 'password'.</msg>
<msg timestamp="20231119 15:50:44.971" level="INFO">Temporally setting log level to: NONE</msg>
<msg timestamp="20231119 15:50:44.990" level="INFO">Log level changed from NONE to INFO.</msg>
<status status="PASS" starttime="20231119 15:50:44.955" endtime="20231119 15:50:44.991"/>
</kw>
<status status="PASS" starttime="20231119 15:50:44.955" endtime="20231119 15:50:44.991"/>
</kw>
<kw name="Submit Credentials">
<kw name="Click Button" library="SeleniumLibrary">
<arg>Login</arg>
<doc>Clicks the button identified by ``locator``.</doc>
<msg timestamp="20231119 15:50:44.991" level="INFO">Clicking button 'Login'.</msg>
<status status="PASS" starttime="20231119 15:50:44.991" endtime="20231119 15:50:45.022"/>
</kw>
<status status="PASS" starttime="20231119 15:50:44.991" endtime="20231119 15:50:45.022"/>
</kw>
<kw name="Login Should Fail With Message">
<arg>Invalid username or password</arg>
<kw name="Login Page Should Be Open" library="resource">
<kw name="Title Should Be" library="SeleniumLibrary">
<arg>Login</arg>
<doc>Verifies that the current page title equals ``title``.</doc>
<msg timestamp="20231119 15:50:45.025" level="INFO">Page title is 'Login'.</msg>
<status status="PASS" starttime="20231119 15:50:45.022" endtime="20231119 15:50:45.025"/>
</kw>
<status status="PASS" starttime="20231119 15:50:45.022" endtime="20231119 15:50:45.025"/>
</kw>
<kw name="Page Should Contain" library="SeleniumLibrary">
<arg>${message}</arg>
<doc>Verifies that current page contains ``text``.</doc>
<msg timestamp="20231119 15:50:45.031" level="INFO">Current page contains text 'Invalid username or password'.</msg>
<status status="PASS" starttime="20231119 15:50:45.025" endtime="20231119 15:50:45.031"/>
</kw>
<status status="PASS" starttime="20231119 15:50:45.022" endtime="20231119 15:50:45.031"/>
</kw>
<status status="PASS" starttime="20231119 15:50:44.904" endtime="20231119 15:50:45.031"/>
</test>
<kw name="Close Browser" library="SeleniumLibrary" type="TEARDOWN">
<doc>Closes the current browser.</doc>
<status status="PASS" starttime="20231119 15:50:45.032" endtime="20231119 15:50:45.092"/>
</kw>
<status status="PASS" starttime="20231119 15:50:43.944" endtime="20231119 15:50:45.092"/>
</suite>
<suite id="s1-s3" name="Register" source="/home/vesku/Kurssit/ohtu/laskarit/palautusrepositorio/viikko3/web-login/src/tests/register.robot">
<kw name="Open And Configure Browser" library="resource" type="SETUP">
<kw name="Evaluate" library="BuiltIn">
<var>${options}</var>
<arg>sys.modules['selenium.webdriver'].ChromeOptions()</arg>
<arg>sys</arg>
<doc>Evaluates the given expression in Python and returns the result.</doc>
<msg timestamp="20231119 15:50:45.100" level="INFO">${options} = &lt;selenium.webdriver.chrome.options.Options object at 0x7f01f14f74c0&gt;</msg>
<status status="PASS" starttime="20231119 15:50:45.100" endtime="20231119 15:50:45.101"/>
</kw>
<kw name="Call Method" library="BuiltIn">
<arg>${options}</arg>
<arg>add_argument</arg>
<arg>--headless</arg>
<doc>Calls the named method of the given object with the provided arguments.</doc>
<status status="PASS" starttime="20231119 15:50:45.101" endtime="20231119 15:50:45.101"/>
</kw>
<kw name="Open Browser" library="SeleniumLibrary">
<arg>browser=chrome</arg>
<arg>options=${options}</arg>
<doc>Opens a new browser instance to the optional ``url``.</doc>
<msg timestamp="20231119 15:50:45.102" level="INFO">Opening browser 'chrome' to base url 'None'.</msg>
<status status="PASS" starttime="20231119 15:50:45.101" endtime="20231119 15:50:45.776"/>
</kw>
<kw name="Set Selenium Speed" library="SeleniumLibrary">
<arg>${DELAY}</arg>
<doc>Sets the delay that is waited after each Selenium command.</doc>
<status status="PASS" starttime="20231119 15:50:45.776" endtime="20231119 15:50:45.776"/>
</kw>
<status status="PASS" starttime="20231119 15:50:45.100" endtime="20231119 15:50:45.776"/>
</kw>
<test id="s1-s3-t1" name="Register With Valid Username And Password" line="8">
<kw name="Go To Register Page" library="resource" type="SETUP">
<kw name="Go To" library="SeleniumLibrary">
<arg>${REGISTER_URL}</arg>
<doc>Navigates the current browser window to the provided ``url``.</doc>
<msg timestamp="20231119 15:50:45.777" level="INFO">Opening url 'http://localhost:5001/register'</msg>
<status status="PASS" starttime="20231119 15:50:45.776" endtime="20231119 15:50:45.819"/>
</kw>
<status status="PASS" starttime="20231119 15:50:45.776" endtime="20231119 15:50:45.819"/>
</kw>
<kw name="Set Username">
<arg>kalle2</arg>
<kw name="Input Text" library="SeleniumLibrary">
<arg>username</arg>
<arg>${username}</arg>
<doc>Types the given ``text`` into the text field identified by ``locator``.</doc>
<msg timestamp="20231119 15:50:45.820" level="INFO">Typing text 'kalle2' into text field 'username'.</msg>
<status status="PASS" starttime="20231119 15:50:45.819" endtime="20231119 15:50:45.874"/>
</kw>
<status status="PASS" starttime="20231119 15:50:45.819" endtime="20231119 15:50:45.874"/>
</kw>
<kw name="Set Password">
<arg>kalle123</arg>
<kw name="Input Password" library="SeleniumLibrary">
<arg>password</arg>
<arg>${password}</arg>
<doc>Types the given password into the text field identified by ``locator``.</doc>
<msg timestamp="20231119 15:50:45.875" level="INFO">Typing password into text field 'password'.</msg>
<msg timestamp="20231119 15:50:45.892" level="INFO">Temporally setting log level to: NONE</msg>
<msg timestamp="20231119 15:50:45.912" level="INFO">Log level changed from NONE to INFO.</msg>
<status status="PASS" starttime="20231119 15:50:45.874" endtime="20231119 15:50:45.912"/>
</kw>
<status status="PASS" starttime="20231119 15:50:45.874" endtime="20231119 15:50:45.912"/>
</kw>
<kw name="Submit Credentials">
<kw name="Click Button" library="SeleniumLibrary">
<arg>Register</arg>
<doc>Clicks the button identified by ``locator``.</doc>
<msg timestamp="20231119 15:50:45.913" level="INFO">Clicking button 'Register'.</msg>
<status status="PASS" starttime="20231119 15:50:45.913" endtime="20231119 15:50:45.952"/>
</kw>
<status status="PASS" starttime="20231119 15:50:45.913" endtime="20231119 15:50:45.952"/>
</kw>
<kw name="Welcome Page Should Be Open" library="resource">
<kw name="Title Should Be" library="SeleniumLibrary">
<arg>Welcome to Ohtu Application!</arg>
<doc>Verifies that the current page title equals ``title``.</doc>
<msg timestamp="20231119 15:50:45.955" level="INFO">Page title is 'Welcome to Ohtu Application!'.</msg>
<status status="PASS" starttime="20231119 15:50:45.952" endtime="20231119 15:50:45.955"/>
</kw>
<status status="PASS" starttime="20231119 15:50:45.952" endtime="20231119 15:50:45.955"/>
</kw>
<status status="PASS" starttime="20231119 15:50:45.776" endtime="20231119 15:50:45.955"/>
</test>
<test id="s1-s3-t2" name="Register With Too Short Username And Valid Password" line="14">
<kw name="Go To Register Page" library="resource" type="SETUP">
<kw name="Go To" library="SeleniumLibrary">
<arg>${REGISTER_URL}</arg>
<doc>Navigates the current browser window to the provided ``url``.</doc>
<msg timestamp="20231119 15:50:45.956" level="INFO">Opening url 'http://localhost:5001/register'</msg>
<status status="PASS" starttime="20231119 15:50:45.955" endtime="20231119 15:50:45.963"/>
</kw>
<status status="PASS" starttime="20231119 15:50:45.955" endtime="20231119 15:50:45.963"/>
</kw>
<kw name="Set Username">
<arg>aa</arg>
<kw name="Input Text" library="SeleniumLibrary">
<arg>username</arg>
<arg>${username}</arg>
<doc>Types the given ``text`` into the text field identified by ``locator``.</doc>
<msg timestamp="20231119 15:50:45.964" level="INFO">Typing text 'aa' into text field 'username'.</msg>
<status status="PASS" starttime="20231119 15:50:45.964" endtime="20231119 15:50:45.999"/>
</kw>
<status status="PASS" starttime="20231119 15:50:45.963" endtime="20231119 15:50:45.999"/>
</kw>
<kw name="Set Password">
<arg>salansana</arg>
<kw name="Input Password" library="SeleniumLibrary">
<arg>password</arg>
<arg>${password}</arg>
<doc>Types the given password into the text field identified by ``locator``.</doc>
<msg timestamp="20231119 15:50:46.000" level="INFO">Typing password into text field 'password'.</msg>
<msg timestamp="20231119 15:50:46.015" level="INFO">Temporally setting log level to: NONE</msg>
<msg timestamp="20231119 15:50:46.034" level="INFO">Log level changed from NONE to INFO.</msg>
<status status="PASS" starttime="20231119 15:50:46.000" endtime="20231119 15:50:46.034"/>
</kw>
<status status="PASS" starttime="20231119 15:50:45.999" endtime="20231119 15:50:46.034"/>
</kw>
<kw name="Submit Credentials">
<kw name="Click Button" library="SeleniumLibrary">
<arg>Register</arg>
<doc>Clicks the button identified by ``locator``.</doc>
<msg timestamp="20231119 15:50:46.035" level="INFO">Clicking button 'Register'.</msg>
<status status="PASS" starttime="20231119 15:50:46.035" endtime="20231119 15:50:46.064"/>
</kw>
<status status="PASS" starttime="20231119 15:50:46.034" endtime="20231119 15:50:46.064"/>
</kw>
<kw name="Welcome Page Should Be Open" library="resource">
<kw name="Title Should Be" library="SeleniumLibrary">
<arg>Welcome to Ohtu Application!</arg>
<doc>Verifies that the current page title equals ``title``.</doc>
<msg timestamp="20231119 15:50:46.066" level="INFO">Page title is 'Welcome to Ohtu Application!'.</msg>
<status status="PASS" starttime="20231119 15:50:46.064" endtime="20231119 15:50:46.066"/>
</kw>
<status status="PASS" starttime="20231119 15:50:46.064" endtime="20231119 15:50:46.067"/>
</kw>
<status status="PASS" starttime="20231119 15:50:45.955" endtime="20231119 15:50:46.067"/>
</test>
<kw name="Close Browser" library="SeleniumLibrary" type="TEARDOWN">
<doc>Closes the current browser.</doc>
<status status="PASS" starttime="20231119 15:50:46.067" endtime="20231119 15:50:46.127"/>
</kw>
<status status="PASS" starttime="20231119 15:50:45.094" endtime="20231119 15:50:46.127"/>
</suite>
<status status="PASS" starttime="20231119 15:50:43.010" endtime="20231119 15:50:46.129"/>
</suite>
<statistics>
<total>
<stat pass="7" fail="0" skip="0">All Tests</stat>
</total>
<tag>
</tag>
<suite>
<stat pass="7" fail="0" skip="0" id="s1" name="Tests">Tests</stat>
<stat pass="2" fail="0" skip="0" id="s1-s1" name="Home">Tests.Home</stat>
<stat pass="3" fail="0" skip="0" id="s1-s2" name="Login">Tests.Login</stat>
<stat pass="2" fail="0" skip="0" id="s1-s3" name="Register">Tests.Register</stat>
</suite>
</statistics>
<errors>
</errors>
</robot>
