<?xml version="1.0" encoding="UTF-8"?>
<robot generator="Robot 6.1.1 (Python 3.10.12 on linux)" generated="20231119 15:15:00.458" rpa="false" schemaversion="4">
<suite id="s1" name="Tests" source="/home/vesku/Kurssit/ohtu/laskarit/palautusrepositorio/viikko3/web-login/src/tests">
<suite id="s1-s1" name="Home" source="/home/vesku/Kurssit/ohtu/laskarit/palautusrepositorio/viikko3/web-login/src/tests/home.robot">
<kw name="Open And Configure Browser" library="resource" type="SETUP">
<kw name="Evaluate" library="BuiltIn">
<var>${options}</var>
<arg>sys.modules['selenium.webdriver'].ChromeOptions()</arg>
<arg>sys</arg>
<doc>Evaluates the given expression in Python and returns the result.</doc>
<msg timestamp="20231119 15:15:00.562" level="INFO">${options} = &lt;selenium.webdriver.chrome.options.Options object at 0x7fcda4c17d60&gt;</msg>
<status status="PASS" starttime="20231119 15:15:00.562" endtime="20231119 15:15:00.562"/>
</kw>
<kw name="Open Browser" library="SeleniumLibrary">
<arg>browser=chrome</arg>
<arg>options=${options}</arg>
<doc>Opens a new browser instance to the optional ``url``.</doc>
<msg timestamp="20231119 15:15:00.563" level="INFO">Opening browser 'chrome' to base url 'None'.</msg>
<status status="PASS" starttime="20231119 15:15:00.562" endtime="20231119 15:15:01.408"/>
</kw>
<kw name="Set Selenium Speed" library="SeleniumLibrary">
<arg>${DELAY}</arg>
<doc>Sets the delay that is waited after each Selenium command.</doc>
<status status="PASS" starttime="20231119 15:15:01.408" endtime="20231119 15:15:01.408"/>
</kw>
<status status="PASS" starttime="20231119 15:15:00.562" endtime="20231119 15:15:01.408"/>
</kw>
<test id="s1-s1-t1" name="Click Login Link" line="8">
<kw name="Go To Starting Page" library="resource" type="SETUP">
<kw name="Go To" library="SeleniumLibrary">
<arg>${HOME_URL}</arg>
<doc>Navigates the current browser window to the provided ``url``.</doc>
<msg timestamp="20231119 15:15:01.410" level="INFO">Opening url 'http://localhost:5001'</msg>
<status status="PASS" starttime="20231119 15:15:01.410" endtime="20231119 15:15:01.967"/>
</kw>
<status status="PASS" starttime="20231119 15:15:01.409" endtime="20231119 15:15:01.967"/>
</kw>
<kw name="Click Link" library="SeleniumLibrary">
<arg>Login</arg>
<doc>Clicks a link identified by ``locator``.</doc>
<msg timestamp="20231119 15:15:01.969" level="INFO">Clicking link 'Login'.</msg>
<status status="PASS" starttime="20231119 15:15:01.968" endtime="20231119 15:15:03.558"/>
</kw>
<kw name="Login Page Should Be Open" library="resource">
<kw name="Title Should Be" library="SeleniumLibrary">
<arg>Login</arg>
<doc>Verifies that the current page title equals ``title``.</doc>
<msg timestamp="20231119 15:15:04.071" level="INFO">Page title is 'Login'.</msg>
<status status="PASS" starttime="20231119 15:15:03.559" endtime="20231119 15:15:04.071"/>
</kw>
<status status="PASS" starttime="20231119 15:15:03.559" endtime="20231119 15:15:04.071"/>
</kw>
<status status="PASS" starttime="20231119 15:15:01.409" endtime="20231119 15:15:04.071"/>
</test>
<test id="s1-s1-t2" name="Click Register Link" line="12">
<kw name="Go To Starting Page" library="resource" type="SETUP">
<kw name="Go To" library="SeleniumLibrary">
<arg>${HOME_URL}</arg>
<doc>Navigates the current browser window to the provided ``url``.</doc>
<msg timestamp="20231119 15:15:04.074" level="INFO">Opening url 'http://localhost:5001'</msg>
<status status="PASS" starttime="20231119 15:15:04.073" endtime="20231119 15:15:04.595"/>
</kw>
<status status="PASS" starttime="20231119 15:15:04.073" endtime="20231119 15:15:04.595"/>
</kw>
<kw name="Click Link" library="SeleniumLibrary">
<arg>Register new user</arg>
<doc>Clicks a link identified by ``locator``.</doc>
<msg timestamp="20231119 15:15:04.596" level="INFO">Clicking link 'Register new user'.</msg>
<status status="PASS" starttime="20231119 15:15:04.595" endtime="20231119 15:15:06.165"/>
</kw>
<kw name="Register Page Should Be Open" library="resource">
<kw name="Title Should Be" library="SeleniumLibrary">
<arg>Register</arg>
<doc>Verifies that the current page title equals ``title``.</doc>
<msg timestamp="20231119 15:15:06.673" level="INFO">Page title is 'Register'.</msg>
<status status="PASS" starttime="20231119 15:15:06.167" endtime="20231119 15:15:06.674"/>
</kw>
<status status="PASS" starttime="20231119 15:15:06.166" endtime="20231119 15:15:06.674"/>
</kw>
<status status="PASS" starttime="20231119 15:15:04.072" endtime="20231119 15:15:06.674"/>
</test>
<kw name="Close Browser" library="SeleniumLibrary" type="TEARDOWN">
<doc>Closes the current browser.</doc>
<status status="PASS" starttime="20231119 15:15:06.676" endtime="20231119 15:15:07.235"/>
</kw>
<status status="PASS" starttime="20231119 15:15:00.470" endtime="20231119 15:15:07.235"/>
</suite>
<suite id="s1-s2" name="Login" source="/home/vesku/Kurssit/ohtu/laskarit/palautusrepositorio/viikko3/web-login/src/tests/login.robot">
<kw name="Open And Configure Browser" library="resource" type="SETUP">
<kw name="Evaluate" library="BuiltIn">
<var>${options}</var>
<arg>sys.modules['selenium.webdriver'].ChromeOptions()</arg>
<arg>sys</arg>
<doc>Evaluates the given expression in Python and returns the result.</doc>
<msg timestamp="20231119 15:15:07.241" level="INFO">${options} = &lt;selenium.webdriver.chrome.options.Options object at 0x7fcda4c99d20&gt;</msg>
<status status="PASS" starttime="20231119 15:15:07.241" endtime="20231119 15:15:07.241"/>
</kw>
<kw name="Open Browser" library="SeleniumLibrary">
<arg>browser=chrome</arg>
<arg>options=${options}</arg>
<doc>Opens a new browser instance to the optional ``url``.</doc>
<msg timestamp="20231119 15:15:07.242" level="INFO">Opening browser 'chrome' to base url 'None'.</msg>
<status status="PASS" starttime="20231119 15:15:07.242" endtime="20231119 15:15:08.118"/>
</kw>
<kw name="Set Selenium Speed" library="SeleniumLibrary">
<arg>${DELAY}</arg>
<doc>Sets the delay that is waited after each Selenium command.</doc>
<status status="PASS" starttime="20231119 15:15:08.118" endtime="20231119 15:15:08.119"/>
</kw>
<status status="PASS" starttime="20231119 15:15:07.241" endtime="20231119 15:15:08.119"/>
</kw>
<test id="s1-s2-t1" name="Login With Correct Credentials" line="8">
<kw name="Create User And Go To Login Page" type="SETUP">
<kw name="Create User" library="AppLibrary">
<arg>kalle</arg>
<arg>kalle123</arg>
<status status="PASS" starttime="20231119 15:15:08.119" endtime="20231119 15:15:08.124"/>
</kw>
<kw name="Go To Login Page" library="resource">
<kw name="Go To" library="SeleniumLibrary">
<arg>${LOGIN_URL}</arg>
<doc>Navigates the current browser window to the provided ``url``.</doc>
<msg timestamp="20231119 15:15:08.125" level="INFO">Opening url 'http://localhost:5001/login'</msg>
<status status="PASS" starttime="20231119 15:15:08.125" endtime="20231119 15:15:08.691"/>
</kw>
<status status="PASS" starttime="20231119 15:15:08.124" endtime="20231119 15:15:08.691"/>
</kw>
<kw name="Login Page Should Be Open" library="resource">
<kw name="Title Should Be" library="SeleniumLibrary">
<arg>Login</arg>
<doc>Verifies that the current page title equals ``title``.</doc>
<msg timestamp="20231119 15:15:09.202" level="INFO">Page title is 'Login'.</msg>
<status status="PASS" starttime="20231119 15:15:08.692" endtime="20231119 15:15:09.203"/>
</kw>
<status status="PASS" starttime="20231119 15:15:08.692" endtime="20231119 15:15:09.203"/>
</kw>
<status status="PASS" starttime="20231119 15:15:08.119" endtime="20231119 15:15:09.203"/>
</kw>
<kw name="Set Username">
<arg>kalle</arg>
<kw name="Input Text" library="SeleniumLibrary">
<arg>username</arg>
<arg>${username}</arg>
<doc>Types the given ``text`` into the text field identified by ``locator``.</doc>
<msg timestamp="20231119 15:15:09.205" level="INFO">Typing text 'kalle' into text field 'username'.</msg>
<status status="PASS" starttime="20231119 15:15:09.204" endtime="20231119 15:15:10.795"/>
</kw>
<status status="PASS" starttime="20231119 15:15:09.203" endtime="20231119 15:15:10.795"/>
</kw>
<kw name="Set Password">
<arg>kalle123</arg>
<kw name="Input Password" library="SeleniumLibrary">
<arg>password</arg>
<arg>${password}</arg>
<doc>Types the given password into the text field identified by ``locator``.</doc>
<msg timestamp="20231119 15:15:10.797" level="INFO">Typing password into text field 'password'.</msg>
<msg timestamp="20231119 15:15:11.836" level="INFO">Temporally setting log level to: NONE</msg>
<msg timestamp="20231119 15:15:12.380" level="INFO">Log level changed from NONE to INFO.</msg>
<status status="PASS" starttime="20231119 15:15:10.796" endtime="20231119 15:15:12.380"/>
</kw>
<status status="PASS" starttime="20231119 15:15:10.796" endtime="20231119 15:15:12.380"/>
</kw>
<kw name="Submit Credentials">
<kw name="Click Button" library="SeleniumLibrary">
<arg>Login</arg>
<doc>Clicks the button identified by ``locator``.</doc>
<msg timestamp="20231119 15:15:12.382" level="INFO">Clicking button 'Login'.</msg>
<status status="PASS" starttime="20231119 15:15:12.381" endtime="20231119 15:15:14.474"/>
</kw>
<status status="PASS" starttime="20231119 15:15:12.381" endtime="20231119 15:15:14.475"/>
</kw>
<kw name="Login Should Succeed">
<kw name="Main Page Should Be Open" library="resource">
<kw name="Title Should Be" library="SeleniumLibrary">
<arg>Ohtu Application main page</arg>
<doc>Verifies that the current page title equals ``title``.</doc>
<msg timestamp="20231119 15:15:14.986" level="INFO">Page title is 'Ohtu Application main page'.</msg>
<status status="PASS" starttime="20231119 15:15:14.476" endtime="20231119 15:15:14.986"/>
</kw>
<status status="PASS" starttime="20231119 15:15:14.476" endtime="20231119 15:15:14.986"/>
</kw>
<status status="PASS" starttime="20231119 15:15:14.475" endtime="20231119 15:15:14.986"/>
</kw>
<status status="PASS" starttime="20231119 15:15:08.119" endtime="20231119 15:15:14.987"/>
</test>
<test id="s1-s2-t2" name="Login With Incorrect Password" line="14">
<kw name="Create User And Go To Login Page" type="SETUP">
<kw name="Create User" library="AppLibrary">
<arg>kalle</arg>
<arg>kalle123</arg>
<status status="PASS" starttime="20231119 15:15:14.989" endtime="20231119 15:15:14.998"/>
</kw>
<kw name="Go To Login Page" library="resource">
<kw name="Go To" library="SeleniumLibrary">
<arg>${LOGIN_URL}</arg>
<doc>Navigates the current browser window to the provided ``url``.</doc>
<msg timestamp="20231119 15:15:14.999" level="INFO">Opening url 'http://localhost:5001/login'</msg>
<status status="PASS" starttime="20231119 15:15:14.999" endtime="20231119 15:15:15.519"/>
</kw>
<status status="PASS" starttime="20231119 15:15:14.998" endtime="20231119 15:15:15.519"/>
</kw>
<kw name="Login Page Should Be Open" library="resource">
<kw name="Title Should Be" library="SeleniumLibrary">
<arg>Login</arg>
<doc>Verifies that the current page title equals ``title``.</doc>
<msg timestamp="20231119 15:15:16.030" level="INFO">Page title is 'Login'.</msg>
<status status="PASS" starttime="20231119 15:15:15.520" endtime="20231119 15:15:16.030"/>
</kw>
<status status="PASS" starttime="20231119 15:15:15.520" endtime="20231119 15:15:16.031"/>
</kw>
<status status="PASS" starttime="20231119 15:15:14.988" endtime="20231119 15:15:16.031"/>
</kw>
<kw name="Set Username">
<arg>kalle</arg>
<kw name="Input Text" library="SeleniumLibrary">
<arg>username</arg>
<arg>${username}</arg>
<doc>Types the given ``text`` into the text field identified by ``locator``.</doc>
<msg timestamp="20231119 15:15:16.033" level="INFO">Typing text 'kalle' into text field 'username'.</msg>
<status status="PASS" starttime="20231119 15:15:16.032" endtime="20231119 15:15:17.623"/>
</kw>
<status status="PASS" starttime="20231119 15:15:16.031" endtime="20231119 15:15:17.624"/>
</kw>
<kw name="Set Password">
<arg>kalle456</arg>
<kw name="Input Password" library="SeleniumLibrary">
<arg>password</arg>
<arg>${password}</arg>
<doc>Types the given password into the text field identified by ``locator``.</doc>
<msg timestamp="20231119 15:15:17.625" level="INFO">Typing password into text field 'password'.</msg>
<msg timestamp="20231119 15:15:18.655" level="INFO">Temporally setting log level to: NONE</msg>
<msg timestamp="20231119 15:15:19.186" level="INFO">Log level changed from NONE to INFO.</msg>
<status status="PASS" starttime="20231119 15:15:17.625" endtime="20231119 15:15:19.186"/>
</kw>
<status status="PASS" starttime="20231119 15:15:17.624" endtime="20231119 15:15:19.186"/>
</kw>
<kw name="Submit Credentials">
<kw name="Click Button" library="SeleniumLibrary">
<arg>Login</arg>
<doc>Clicks the button identified by ``locator``.</doc>
<msg timestamp="20231119 15:15:19.188" level="INFO">Clicking button 'Login'.</msg>
<status status="PASS" starttime="20231119 15:15:19.187" endtime="20231119 15:15:21.252"/>
</kw>
<status status="PASS" starttime="20231119 15:15:19.186" endtime="20231119 15:15:21.252"/>
</kw>
<kw name="Login Should Fail With Message">
<arg>Invalid username or password</arg>
<kw name="Login Page Should Be Open" library="resource">
<kw name="Title Should Be" library="SeleniumLibrary">
<arg>Login</arg>
<doc>Verifies that the current page title equals ``title``.</doc>
<msg timestamp="20231119 15:15:21.759" level="INFO">Page title is 'Login'.</msg>
<status status="PASS" starttime="20231119 15:15:21.253" endtime="20231119 15:15:21.759"/>
</kw>
<status status="PASS" starttime="20231119 15:15:21.253" endtime="20231119 15:15:21.759"/>
</kw>
<kw name="Page Should Contain" library="SeleniumLibrary">
<arg>${message}</arg>
<doc>Verifies that current page contains ``text``.</doc>
<msg timestamp="20231119 15:15:22.770" level="INFO">Current page contains text 'Invalid username or password'.</msg>
<status status="PASS" starttime="20231119 15:15:21.759" endtime="20231119 15:15:22.770"/>
</kw>
<status status="PASS" starttime="20231119 15:15:21.252" endtime="20231119 15:15:22.771"/>
</kw>
<status status="PASS" starttime="20231119 15:15:14.987" endtime="20231119 15:15:22.771"/>
</test>
<kw name="Close Browser" library="SeleniumLibrary" type="TEARDOWN">
<doc>Closes the current browser.</doc>
<status status="PASS" starttime="20231119 15:15:22.772" endtime="20231119 15:15:23.330"/>
</kw>
<status status="PASS" starttime="20231119 15:15:07.237" endtime="20231119 15:15:23.330"/>
</suite>
<status status="PASS" starttime="20231119 15:15:00.459" endtime="20231119 15:15:23.333"/>
</suite>
<statistics>
<total>
<stat pass="4" fail="0" skip="0">All Tests</stat>
</total>
<tag>
</tag>
<suite>
<stat pass="4" fail="0" skip="0" id="s1" name="Tests">Tests</stat>
<stat pass="2" fail="0" skip="0" id="s1-s1" name="Home">Tests.Home</stat>
<stat pass="2" fail="0" skip="0" id="s1-s2" name="Login">Tests.Login</stat>
</suite>
</statistics>
<errors>
</errors>
</robot>
