<?xml version="1.0" encoding="UTF-8"?>
<robot generator="Robot 6.1.1 (Python 3.10.12 on linux)" generated="20231119 12:37:06.778" rpa="false" schemaversion="4">
<suite id="s1" name="Tests" source="/home/vesku/Kurssit/ohtu/laskarit/palautusrepositorio/viikko3/login-robot/src/tests">
<suite id="s1-s1" name="Login" source="/home/vesku/Kurssit/ohtu/laskarit/palautusrepositorio/viikko3/login-robot/src/tests/login.robot">
<test id="s1-s1-t1" name="Login With Correct Credentials" line="6">
<kw name="Create User And Input Login Command" type="SETUP">
<kw name="Create User" library="AppLibrary">
<arg>kalle</arg>
<arg>kalle123</arg>
<status status="PASS" starttime="20231119 12:37:06.793" endtime="20231119 12:37:06.793"/>
</kw>
<kw name="Input Login Command" library="resource">
<kw name="Input" library="AppLibrary">
<arg>login</arg>
<status status="PASS" starttime="20231119 12:37:06.793" endtime="20231119 12:37:06.793"/>
</kw>
<status status="PASS" starttime="20231119 12:37:06.793" endtime="20231119 12:37:06.793"/>
</kw>
<status status="PASS" starttime="20231119 12:37:06.793" endtime="20231119 12:37:06.793"/>
</kw>
<kw name="Input Credentials" library="resource">
<arg>kalle</arg>
<arg>kalle123</arg>
<kw name="Input" library="AppLibrary">
<arg>${username}</arg>
<status status="PASS" starttime="20231119 12:37:06.794" endtime="20231119 12:37:06.794"/>
</kw>
<kw name="Input" library="AppLibrary">
<arg>${password}</arg>
<status status="PASS" starttime="20231119 12:37:06.794" endtime="20231119 12:37:06.794"/>
</kw>
<kw name="Run Application" library="AppLibrary">
<status status="PASS" starttime="20231119 12:37:06.794" endtime="20231119 12:37:06.794"/>
</kw>
<status status="PASS" starttime="20231119 12:37:06.793" endtime="20231119 12:37:06.794"/>
</kw>
<kw name="Output Should Contain" library="AppLibrary">
<arg>Logged in</arg>
<status status="PASS" starttime="20231119 12:37:06.794" endtime="20231119 12:37:06.794"/>
</kw>
<status status="PASS" starttime="20231119 12:37:06.792" endtime="20231119 12:37:06.794"/>
</test>
<test id="s1-s1-t2" name="Login With Incorrect Password" line="10">
<kw name="Create User And Input Login Command" type="SETUP">
<kw name="Create User" library="AppLibrary">
<arg>kalle</arg>
<arg>kalle123</arg>
<status status="PASS" starttime="20231119 12:37:06.795" endtime="20231119 12:37:06.795"/>
</kw>
<kw name="Input Login Command" library="resource">
<kw name="Input" library="AppLibrary">
<arg>login</arg>
<status status="PASS" starttime="20231119 12:37:06.795" endtime="20231119 12:37:06.795"/>
</kw>
<status status="PASS" starttime="20231119 12:37:06.795" endtime="20231119 12:37:06.795"/>
</kw>
<status status="PASS" starttime="20231119 12:37:06.795" endtime="20231119 12:37:06.795"/>
</kw>
<kw name="Input Credentials" library="resource">
<arg>kalle</arg>
<arg>wrong</arg>
<kw name="Input" library="AppLibrary">
<arg>${username}</arg>
<status status="PASS" starttime="20231119 12:37:06.796" endtime="20231119 12:37:06.796"/>
</kw>
<kw name="Input" library="AppLibrary">
<arg>${password}</arg>
<status status="PASS" starttime="20231119 12:37:06.796" endtime="20231119 12:37:06.796"/>
</kw>
<kw name="Run Application" library="AppLibrary">
<status status="PASS" starttime="20231119 12:37:06.796" endtime="20231119 12:37:06.796"/>
</kw>
<status status="PASS" starttime="20231119 12:37:06.795" endtime="20231119 12:37:06.796"/>
</kw>
<kw name="Output Should Contain" library="AppLibrary">
<arg>Invalid username or password</arg>
<status status="PASS" starttime="20231119 12:37:06.796" endtime="20231119 12:37:06.796"/>
</kw>
<status status="PASS" starttime="20231119 12:37:06.794" endtime="20231119 12:37:06.796"/>
</test>
<test id="s1-s1-t3" name="Login With Nonexistent username" line="14">
<kw name="Create User And Input Login Command" type="SETUP">
<kw name="Create User" library="AppLibrary">
<arg>kalle</arg>
<arg>kalle123</arg>
<status status="PASS" starttime="20231119 12:37:06.797" endtime="20231119 12:37:06.797"/>
</kw>
<kw name="Input Login Command" library="resource">
<kw name="Input" library="AppLibrary">
<arg>login</arg>
<status status="PASS" starttime="20231119 12:37:06.797" endtime="20231119 12:37:06.797"/>
</kw>
<status status="PASS" starttime="20231119 12:37:06.797" endtime="20231119 12:37:06.797"/>
</kw>
<status status="PASS" starttime="20231119 12:37:06.796" endtime="20231119 12:37:06.797"/>
</kw>
<kw name="Input Credentials" library="resource">
<arg>wrong</arg>
<arg>kalle123</arg>
<kw name="Input" library="AppLibrary">
<arg>${username}</arg>
<status status="PASS" starttime="20231119 12:37:06.797" endtime="20231119 12:37:06.797"/>
</kw>
<kw name="Input" library="AppLibrary">
<arg>${password}</arg>
<status status="PASS" starttime="20231119 12:37:06.797" endtime="20231119 12:37:06.797"/>
</kw>
<kw name="Run Application" library="AppLibrary">
<status status="PASS" starttime="20231119 12:37:06.797" endtime="20231119 12:37:06.797"/>
</kw>
<status status="PASS" starttime="20231119 12:37:06.797" endtime="20231119 12:37:06.798"/>
</kw>
<kw name="Output Should Contain" library="AppLibrary">
<arg>Invalid username or password</arg>
<status status="PASS" starttime="20231119 12:37:06.798" endtime="20231119 12:37:06.798"/>
</kw>
<status status="PASS" starttime="20231119 12:37:06.796" endtime="20231119 12:37:06.798"/>
</test>
<status status="PASS" starttime="20231119 12:37:06.789" endtime="20231119 12:37:06.798"/>
</suite>
<status status="PASS" starttime="20231119 12:37:06.778" endtime="20231119 12:37:06.798"/>
</suite>
<statistics>
<total>
<stat pass="3" fail="0" skip="0">All Tests</stat>
</total>
<tag>
</tag>
<suite>
<stat pass="3" fail="0" skip="0" id="s1" name="Tests">Tests</stat>
<stat pass="3" fail="0" skip="0" id="s1-s1" name="Login">Tests.Login</stat>
</suite>
</statistics>
<errors>
</errors>
</robot>
