<?xml version="1.0" encoding="UTF-8"?>
<robot generator="Robot 6.1.1 (Python 3.10.12 on linux)" generated="20231119 14:11:48.557" rpa="false" schemaversion="4">
<suite id="s1" name="Tests" source="/home/vesku/Kurssit/ohtu/laskarit/palautusrepositorio/viikko3/login-robot/src/tests">
<suite id="s1-s1" name="Login" source="/home/vesku/Kurssit/ohtu/laskarit/palautusrepositorio/viikko3/login-robot/src/tests/login.robot">
<test id="s1-s1-t1" name="Login With Correct Credentials" line="6">
<kw name="Create User And Input Login Command" type="SETUP">
<kw name="Create User" library="AppLibrary">
<arg>kalle</arg>
<arg>kalle123</arg>
<status status="PASS" starttime="20231119 14:11:48.572" endtime="20231119 14:11:48.572"/>
</kw>
<kw name="Input Login Command" library="resource">
<kw name="Input" library="AppLibrary">
<arg>login</arg>
<status status="PASS" starttime="20231119 14:11:48.572" endtime="20231119 14:11:48.572"/>
</kw>
<status status="PASS" starttime="20231119 14:11:48.572" endtime="20231119 14:11:48.572"/>
</kw>
<status status="PASS" starttime="20231119 14:11:48.572" endtime="20231119 14:11:48.572"/>
</kw>
<kw name="Input Credentials" library="resource">
<arg>kalle</arg>
<arg>kalle123</arg>
<kw name="Input" library="AppLibrary">
<arg>${username}</arg>
<status status="PASS" starttime="20231119 14:11:48.572" endtime="20231119 14:11:48.573"/>
</kw>
<kw name="Input" library="AppLibrary">
<arg>${password}</arg>
<status status="PASS" starttime="20231119 14:11:48.573" endtime="20231119 14:11:48.573"/>
</kw>
<kw name="Run Application" library="AppLibrary">
<status status="PASS" starttime="20231119 14:11:48.573" endtime="20231119 14:11:48.573"/>
</kw>
<status status="PASS" starttime="20231119 14:11:48.572" endtime="20231119 14:11:48.573"/>
</kw>
<kw name="Output Should Contain" library="AppLibrary">
<arg>Logged in</arg>
<status status="PASS" starttime="20231119 14:11:48.573" endtime="20231119 14:11:48.573"/>
</kw>
<status status="PASS" starttime="20231119 14:11:48.571" endtime="20231119 14:11:48.573"/>
</test>
<test id="s1-s1-t2" name="Login With Incorrect Password" line="10">
<kw name="Create User And Input Login Command" type="SETUP">
<kw name="Create User" library="AppLibrary">
<arg>kalle</arg>
<arg>kalle123</arg>
<status status="PASS" starttime="20231119 14:11:48.574" endtime="20231119 14:11:48.574"/>
</kw>
<kw name="Input Login Command" library="resource">
<kw name="Input" library="AppLibrary">
<arg>login</arg>
<status status="PASS" starttime="20231119 14:11:48.574" endtime="20231119 14:11:48.574"/>
</kw>
<status status="PASS" starttime="20231119 14:11:48.574" endtime="20231119 14:11:48.574"/>
</kw>
<status status="PASS" starttime="20231119 14:11:48.573" endtime="20231119 14:11:48.574"/>
</kw>
<kw name="Input Credentials" library="resource">
<arg>kalle</arg>
<arg>wrong</arg>
<kw name="Input" library="AppLibrary">
<arg>${username}</arg>
<status status="PASS" starttime="20231119 14:11:48.574" endtime="20231119 14:11:48.574"/>
</kw>
<kw name="Input" library="AppLibrary">
<arg>${password}</arg>
<status status="PASS" starttime="20231119 14:11:48.574" endtime="20231119 14:11:48.574"/>
</kw>
<kw name="Run Application" library="AppLibrary">
<status status="PASS" starttime="20231119 14:11:48.574" endtime="20231119 14:11:48.574"/>
</kw>
<status status="PASS" starttime="20231119 14:11:48.574" endtime="20231119 14:11:48.575"/>
</kw>
<kw name="Output Should Contain" library="AppLibrary">
<arg>Invalid username or password</arg>
<status status="PASS" starttime="20231119 14:11:48.575" endtime="20231119 14:11:48.575"/>
</kw>
<status status="PASS" starttime="20231119 14:11:48.573" endtime="20231119 14:11:48.575"/>
</test>
<test id="s1-s1-t3" name="Login With Nonexistent username" line="14">
<kw name="Create User And Input Login Command" type="SETUP">
<kw name="Create User" library="AppLibrary">
<arg>kalle</arg>
<arg>kalle123</arg>
<status status="PASS" starttime="20231119 14:11:48.575" endtime="20231119 14:11:48.575"/>
</kw>
<kw name="Input Login Command" library="resource">
<kw name="Input" library="AppLibrary">
<arg>login</arg>
<status status="PASS" starttime="20231119 14:11:48.575" endtime="20231119 14:11:48.575"/>
</kw>
<status status="PASS" starttime="20231119 14:11:48.575" endtime="20231119 14:11:48.575"/>
</kw>
<status status="PASS" starttime="20231119 14:11:48.575" endtime="20231119 14:11:48.575"/>
</kw>
<kw name="Input Credentials" library="resource">
<arg>wrong</arg>
<arg>kalle123</arg>
<kw name="Input" library="AppLibrary">
<arg>${username}</arg>
<status status="PASS" starttime="20231119 14:11:48.576" endtime="20231119 14:11:48.576"/>
</kw>
<kw name="Input" library="AppLibrary">
<arg>${password}</arg>
<status status="PASS" starttime="20231119 14:11:48.576" endtime="20231119 14:11:48.576"/>
</kw>
<kw name="Run Application" library="AppLibrary">
<status status="PASS" starttime="20231119 14:11:48.576" endtime="20231119 14:11:48.576"/>
</kw>
<status status="PASS" starttime="20231119 14:11:48.576" endtime="20231119 14:11:48.576"/>
</kw>
<kw name="Output Should Contain" library="AppLibrary">
<arg>Invalid username or password</arg>
<status status="PASS" starttime="20231119 14:11:48.576" endtime="20231119 14:11:48.576"/>
</kw>
<status status="PASS" starttime="20231119 14:11:48.575" endtime="20231119 14:11:48.576"/>
</test>
<status status="PASS" starttime="20231119 14:11:48.568" endtime="20231119 14:11:48.576"/>
</suite>
<suite id="s1-s2" name="Register" source="/home/vesku/Kurssit/ohtu/laskarit/palautusrepositorio/viikko3/login-robot/src/tests/register.robot">
<test id="s1-s2-t1" name="Register With Valid Username And Password" line="6">
<kw name="Input New Command And Create User" type="SETUP">
<kw name="Input New Command" library="resource">
<kw name="Input" library="AppLibrary">
<arg>new</arg>
<status status="PASS" starttime="20231119 14:11:48.578" endtime="20231119 14:11:48.579"/>
</kw>
<status status="PASS" starttime="20231119 14:11:48.578" endtime="20231119 14:11:48.579"/>
</kw>
<kw name="Create User" library="AppLibrary">
<arg>kalle</arg>
<arg>kalle123</arg>
<status status="PASS" starttime="20231119 14:11:48.579" endtime="20231119 14:11:48.579"/>
</kw>
<status status="PASS" starttime="20231119 14:11:48.578" endtime="20231119 14:11:48.579"/>
</kw>
<kw name="Input New Command" library="resource">
<kw name="Input" library="AppLibrary">
<arg>new</arg>
<status status="PASS" starttime="20231119 14:11:48.579" endtime="20231119 14:11:48.579"/>
</kw>
<status status="PASS" starttime="20231119 14:11:48.579" endtime="20231119 14:11:48.579"/>
</kw>
<kw name="Create User" library="AppLibrary">
<arg>kalle2</arg>
<arg>kalle1234</arg>
<status status="PASS" starttime="20231119 14:11:48.579" endtime="20231119 14:11:48.579"/>
</kw>
<kw name="Output Should Contain" library="AppLibrary">
<arg>[]</arg>
<msg timestamp="20231119 14:11:48.579" level="FAIL">Output "[]" is not in []</msg>
<status status="FAIL" starttime="20231119 14:11:48.579" endtime="20231119 14:11:48.579"/>
</kw>
<status status="FAIL" starttime="20231119 14:11:48.578" endtime="20231119 14:11:48.580">Output "[]" is not in []</status>
</test>
<test id="s1-s2-t2" name="Register With Already Taken Username And Valid Password" line="11">
<kw name="Input New Command And Create User" type="SETUP">
<kw name="Input New Command" library="resource">
<kw name="Input" library="AppLibrary">
<arg>new</arg>
<status status="PASS" starttime="20231119 14:11:48.580" endtime="20231119 14:11:48.580"/>
</kw>
<status status="PASS" starttime="20231119 14:11:48.580" endtime="20231119 14:11:48.580"/>
</kw>
<kw name="Create User" library="AppLibrary">
<arg>kalle</arg>
<arg>kalle123</arg>
<status status="PASS" starttime="20231119 14:11:48.580" endtime="20231119 14:11:48.580"/>
</kw>
<status status="PASS" starttime="20231119 14:11:48.580" endtime="20231119 14:11:48.581"/>
</kw>
<kw name="Input New Command" library="resource">
<kw name="Input" library="AppLibrary">
<arg>new</arg>
<status status="PASS" starttime="20231119 14:11:48.581" endtime="20231119 14:11:48.581"/>
</kw>
<status status="PASS" starttime="20231119 14:11:48.581" endtime="20231119 14:11:48.581"/>
</kw>
<kw name="Create User" library="AppLibrary">
<arg>kalle</arg>
<arg>kalle123</arg>
<msg timestamp="20231119 14:11:48.581" level="FAIL">User with username kalle already exists</msg>
<status status="FAIL" starttime="20231119 14:11:48.581" endtime="20231119 14:11:48.581"/>
</kw>
<kw name="Output Should Contain" library="AppLibrary">
<arg>User with username kalle already exists</arg>
<status status="NOT RUN" starttime="20231119 14:11:48.581" endtime="20231119 14:11:48.581"/>
</kw>
<status status="FAIL" starttime="20231119 14:11:48.580" endtime="20231119 14:11:48.582">User with username kalle already exists</status>
</test>
<status status="FAIL" starttime="20231119 14:11:48.577" endtime="20231119 14:11:48.582"/>
</suite>
<status status="FAIL" starttime="20231119 14:11:48.558" endtime="20231119 14:11:48.582"/>
</suite>
<statistics>
<total>
<stat pass="3" fail="2" skip="0">All Tests</stat>
</total>
<tag>
</tag>
<suite>
<stat pass="3" fail="2" skip="0" id="s1" name="Tests">Tests</stat>
<stat pass="3" fail="0" skip="0" id="s1-s1" name="Login">Tests.Login</stat>
<stat pass="0" fail="2" skip="0" id="s1-s2" name="Register">Tests.Register</stat>
</suite>
</statistics>
<errors>
</errors>
</robot>
